TN:
SF:script/ERC721Locker.s.sol
FN:7,ERC721LockerScript.setUp
FNDA:0,ERC721LockerScript.setUp
FN:9,ERC721LockerScript.run
FNDA:0,ERC721LockerScript.run
DA:10,0
DA:10,0
FNF:2
FNH:0
LF:1
LH:0
BRF:0
BRH:0
end_of_record
TN:
SF:src/ERC721Locker.sol
FN:31,ERC721Locker.lock
FNDA:138,ERC721Locker.lock
DA:37,138
DA:37,138
DA:37,138
BRDA:37,0,0,1
BRDA:37,0,1,137
DA:37,1
DA:38,137
DA:38,137
BRDA:38,1,0,1
BRDA:38,1,1,136
DA:38,1
DA:41,136
DA:41,136
DA:43,133
DA:43,133
DA:43,133
DA:44,133
DA:44,133
DA:46,133
DA:46,133
FN:54,ERC721Locker.unlock
FNDA:26,ERC721Locker.unlock
DA:55,26
DA:55,26
DA:55,26
DA:56,26
DA:56,26
DA:58,26
DA:58,26
BRDA:58,2,0,13
BRDA:58,2,1,13
DA:58,13
DA:59,13
DA:59,13
BRDA:59,3,0,1
BRDA:59,3,1,12
DA:59,1
DA:61,12
DA:61,12
DA:63,12
DA:63,12
DA:65,12
DA:65,12
FNF:2
FNH:2
LF:13
LH:13
BRF:8
BRH:8
end_of_record
TN:
SF:test/ERC721Locker.t.sol
FN:9,TestERC721.name
FNDA:0,TestERC721.name
DA:10,0
DA:10,0
FN:13,TestERC721.symbol
FNDA:0,TestERC721.symbol
DA:14,0
DA:14,0
FN:17,TestERC721.tokenURI
FNDA:0,TestERC721.tokenURI
DA:18,0
DA:18,0
FN:21,TestERC721.mint
FNDA:134,TestERC721.mint
DA:22,134
DA:22,134
FNF:4
FNH:1
LF:4
LH:1
BRF:0
BRH:0
end_of_record
